0 info it worked if it ends with ok
1 verbose cli [ '/usr/bin/node', '/usr/bin/npm', 'install', '-g', 'bower' ]
2 info using npm@3.5.2
3 info using node@v8.10.0
4 silly loadCurrentTree Starting
5 silly install loadCurrentTree
6 silly install readGlobalPackageData
7 silly fetchPackageMetaData bower
8 silly fetchNamedPackageData bower
9 silly mapToRegistry name bower
10 silly mapToRegistry using default registry
11 silly mapToRegistry registry https://registry.npmjs.org/
12 silly mapToRegistry uri https://registry.npmjs.org/bower
13 verbose request uri https://registry.npmjs.org/bower
14 verbose request no auth needed
15 info attempt registry request try #1 at 11:32:33 PM
16 verbose request id f2ad3bf5620e09c7
17 http request GET https://registry.npmjs.org/bower
18 http 200 https://registry.npmjs.org/bower
19 verbose headers { date: 'Sat, 25 Jan 2020 04:32:33 GMT',
19 verbose headers   'content-type': 'application/json',
19 verbose headers   'transfer-encoding': 'chunked',
19 verbose headers   connection: 'keep-alive',
19 verbose headers   'set-cookie':
19 verbose headers    [ '__cfduid=d44ab74e593409e494a627528c15a8d531579926753; expires=Mon, 24-Feb-20 04:32:33 GMT; path=/; domain=.npmjs.org; HttpOnly; SameSite=Lax' ],
19 verbose headers   'cf-ray': '55a78621a8dda63d-IND',
19 verbose headers   'cache-control': 'public, max-age=300',
19 verbose headers   etag: 'W/"9122b253783e008329de203973e1dab5"',
19 verbose headers   'last-modified': 'Sat, 07 Dec 2019 11:25:17 GMT',
19 verbose headers   vary: 'accept-encoding, accept',
19 verbose headers   'cf-cache-status': 'REVALIDATED',
19 verbose headers   'expect-ct': 'max-age=604800, report-uri="https://report-uri.cloudflare.com/cdn-cgi/beacon/expect-ct"',
19 verbose headers   server: 'cloudflare',
19 verbose headers   'content-encoding': 'gzip' }
20 silly get cb [ 200,
20 silly get   { date: 'Sat, 25 Jan 2020 04:32:33 GMT',
20 silly get     'content-type': 'application/json',
20 silly get     'transfer-encoding': 'chunked',
20 silly get     connection: 'keep-alive',
20 silly get     'set-cookie':
20 silly get      [ '__cfduid=d44ab74e593409e494a627528c15a8d531579926753; expires=Mon, 24-Feb-20 04:32:33 GMT; path=/; domain=.npmjs.org; HttpOnly; SameSite=Lax' ],
20 silly get     'cf-ray': '55a78621a8dda63d-IND',
20 silly get     'cache-control': 'public, max-age=300',
20 silly get     etag: 'W/"9122b253783e008329de203973e1dab5"',
20 silly get     'last-modified': 'Sat, 07 Dec 2019 11:25:17 GMT',
20 silly get     vary: 'accept-encoding, accept',
20 silly get     'cf-cache-status': 'REVALIDATED',
20 silly get     'expect-ct': 'max-age=604800, report-uri="https://report-uri.cloudflare.com/cdn-cgi/beacon/expect-ct"',
20 silly get     server: 'cloudflare',
20 silly get     'content-encoding': 'gzip' } ]
21 verbose get saving bower to /home/jacksonoriez/.npm/registry.npmjs.org/bower/.cache.json
22 silly install normalizeTree
23 silly loadCurrentTree Finishing
24 silly loadIdealTree Starting
25 silly install loadIdealTree
26 silly cloneCurrentTree Starting
27 silly install cloneCurrentTreeToIdealTree
28 silly cloneCurrentTree Finishing
29 silly loadShrinkwrap Starting
30 silly install loadShrinkwrap
31 silly loadShrinkwrap Finishing
32 silly loadAllDepsIntoIdealTree Starting
33 silly install loadAllDepsIntoIdealTree
34 silly resolveWithNewModule bower@1.8.8 checking installable status
35 silly cache add args [ 'bower', null ]
36 verbose cache add spec bower
37 silly cache add parsed spec Result {
37 silly cache add   raw: 'bower',
37 silly cache add   scope: null,
37 silly cache add   name: 'bower',
37 silly cache add   rawSpec: '',
37 silly cache add   spec: 'latest',
37 silly cache add   type: 'tag' }
38 silly addNamed bower@latest
39 verbose addNamed "latest" is being treated as a dist-tag for bower
40 info addNameTag [ 'bower', 'latest' ]
41 silly mapToRegistry name bower
42 silly mapToRegistry using default registry
43 silly mapToRegistry registry https://registry.npmjs.org/
44 silly mapToRegistry uri https://registry.npmjs.org/bower
45 verbose addNameTag registry:https://registry.npmjs.org/bower not in flight; fetching
46 verbose get https://registry.npmjs.org/bower not expired, no request
47 silly addNameTag next cb for bower with tag latest
48 silly addNamed bower@1.8.8
49 verbose addNamed "1.8.8" is a plain semver version for bower
50 warn deprecated bower@1.8.8: We don't recommend using Bower for new projects. Please consider Yarn and Webpack or Parcel. You can read how to migrate legacy project here: https://bower.io/blog/2017/how-to-migrate-away-from-bower/
51 silly mapToRegistry name bower
52 silly mapToRegistry using default registry
53 silly mapToRegistry registry https://registry.npmjs.org/
54 silly mapToRegistry uri https://registry.npmjs.org/bower
55 verbose addRemoteTarball https://registry.npmjs.org/bower/-/bower-1.8.8.tgz not in flight; adding
56 verbose addRemoteTarball [ 'https://registry.npmjs.org/bower/-/bower-1.8.8.tgz',
56 verbose addRemoteTarball   '82544be34a33aeae7efb8bdf9905247b2cffa985' ]
57 info retry fetch attempt 1 at 11:32:33 PM
58 info attempt registry request try #1 at 11:32:33 PM
59 http fetch GET https://registry.npmjs.org/bower/-/bower-1.8.8.tgz
60 http fetch 200 https://registry.npmjs.org/bower/-/bower-1.8.8.tgz
61 silly fetchAndShaCheck shasum 82544be34a33aeae7efb8bdf9905247b2cffa985
62 verbose addTmpTarball /tmp/npm-137-8c724b7d/registry.npmjs.org/bower/-/bower-1.8.8.tgz not in flight; adding
63 verbose addTmpTarball already have metadata; skipping unpack for bower@1.8.8
64 silly cache afterAdd bower@1.8.8
65 verbose afterAdd /home/jacksonoriez/.npm/bower/1.8.8/package/package.json not in flight; writing
66 verbose afterAdd /home/jacksonoriez/.npm/bower/1.8.8/package/package.json written
67 silly loadAllDepsIntoIdealTree Finishing
68 silly idealTree:prePrune lib
68 silly idealTree:prePrune └── bower@1.8.8
69 silly loadIdealTree Finishing
70 silly currentTree lib
71 silly idealTree lib
71 silly idealTree └── bower@1.8.8
72 silly generateActionsToTake Starting
73 silly install generateActionsToTake
74 warn checkPermissions Missing write access to /usr/local/lib
75 silly rollbackFailedOptional Starting
76 silly rollbackFailedOptional Finishing
77 silly runTopLevelLifecycles Starting
78 silly runTopLevelLifecycles Finishing
79 silly install printInstalled
80 verbose stack Error: EACCES: permission denied, access '/usr/local/lib'
81 verbose cwd /mnt/c/Users/jacks/Desktop/bulgogi
82 error Linux 4.4.0-18362-Microsoft
83 error argv "/usr/bin/node" "/usr/bin/npm" "install" "-g" "bower"
84 error node v8.10.0
85 error npm  v3.5.2
86 error path /usr/local/lib
87 error code EACCES
88 error errno -13
89 error syscall access
90 error Error: EACCES: permission denied, access '/usr/local/lib'
90 error  { Error: EACCES: permission denied, access '/usr/local/lib'
90 error   errno: -13,
90 error   code: 'EACCES',
90 error   syscall: 'access',
90 error   path: '/usr/local/lib' }
91 error Please try running this command again as root/Administrator.
92 verbose exit [ -13, true ]
